[3J[H[2J[96mRaspberry Pi Benchmark Test
Author: AikonCWD
Version: 3.0
[97m
temp=44.5'C
arm_freq=1330
sdram_freq=580
gpu_freq=500
sd_clock=50.000 MHz
[93m
Running InternetSpeed test...[94m
Ping: 11.718 ms
Download: 56.35 Mbit/s
Upload: 60.00 Mbit/s
[93m
Running CPU test...[94m
 total time: 11.8581s
 min: 4.71ms
 avg: 4.74ms
 max: 24.73ms
temp=49.4'C
[93m
Running THREADS test...[94m
 total time: 10.6295s
 min: 4.09ms
 avg: 4.25ms
 max: 27.00ms
temp=49.9'C
[93m
Running MEMORY test...[94m
Operations performed: 3145728 (2301317.79 ops/sec)
3072.00 MB transferred (2247.38 MB/sec)
 total time: 1.3669s
 min: 0.00ms
 avg: 0.00ms
 max: 10.03ms
temp=51.0'C
[93m
Running HDPARM test...[94m
 Timing buffered disk reads:  58 MB in  3.08 seconds =  18.81 MB/sec
temp=46.2'C
[93m
Running DD WRITE test...[94m
536870912 bytes (537 MB, 512 MiB) copied, 47.0529 s, 11.4 MB/s
temp=45.6'C
[93m
Running DD READ test...[94m
536870912 bytes (537 MB, 512 MiB) copied, 23.8856 s, 22.5 MB/s
temp=45.1'C
[0m
[91mAikonCWD's rpi-benchmark completed![0m

