youtube 7PtNUkd34jY
youtube 1rnMdpkuynY
youtube PnCWwUUQ_u4
youtube 7iJBpH0Cbbg
youtube 8Zh3csh2g1k
youtube ZLGMrHxV7jU
youtube dCsxvVaLxbI
youtube xLYHsJ3cHOA
youtube rW6uDr4sfA4
youtube -rEQ4Dh5w0c
youtube XOYpiKDnbFw
youtube AnxHJUH1hxA
youtube 3-3B_Rr7Tn4
youtube -7GCPorhRZo
youtube 19U2AmONnfQ
youtube rYajsCBHurA
youtube GevPacl9nag
youtube Aq9rWu9U1_8
youtube 96unK3ikY3A
youtube 7iJBpH0Cbbg
youtube H5rRaPp79AM
youtube HsQKO0yQc_o
youtube lJk4-TUnp-I
youtube ELwWyGMsl5o
youtube 7MiFmqGDyGI
youtube 3ERJXkm_iR4
youtube yLaOD21ulxM
youtube XYqwntr_R3U
youtube GnGiZEM8FJc
youtube RgthxYwGDjk
youtube lP0zy7CNUh4
youtube JmapafVOjoY
youtube hmWD8luPjuE
youtube DC4Cbg1n-oY
youtube 22YARky13y0
youtube IqSIUrVAoCM
youtube nG4vJO_Jnfk
youtube zukrSW_snyw
youtube VOizORn329g
youtube 8qr6rvgXcsI
youtube 2G4v37aj3-Q
youtube gcjr_dAXRSI
youtube 79fBtyqup0A
youtube OHkdnjzWFDI
youtube Nh5TeN002og
youtube SUoqdI16lHs
youtube Nw2MTeYjE_U
youtube iVwMWR-HqvA
youtube VTvdNybswcg
youtube FCby_HacElk
youtube h6u0wJolCxQ
youtube v2ld1ziokXE
youtube gKysbsSJG8k
youtube OM4xZqbDgpc
youtube cTkE3CU6LmQ
youtube VwmlGEVW86w
youtube 7-jZyPitVNU
youtube rzUj7UzDr-4
youtube fX8_a4Nahdk
youtube 432dez9mhTY
youtube 
youtube 
